<?xml version="1.0" encoding="UTF-8"?>
<testng-results ignored="0" total="1" passed="0" failed="1" skipped="0">
  <reporter-output>
  </reporter-output>
  <suite started-at="2024-06-25T23:07:32 EET" name="Suite" finished-at="2024-06-25T23:07:38 EET" duration-ms="6371">
    <groups>
      <group name="cucumber">
        <method signature="TestRunner.scenario(io.cucumber.testng.PickleWrapper,io.cucumber.testng.FeatureWrapper)[pri:0, instance:runner.TestRunner@17f62e33]" name="scenario" class="runner.TestRunner"/>
      </group> <!-- cucumber -->
    </groups>
    <test started-at="2024-06-25T23:07:32 EET" name="ogunBaskok" finished-at="2024-06-25T23:07:38 EET" duration-ms="6371">
      <class name="runner.TestRunner">
        <test-method is-config="true" signature="setUpClass()[pri:0, instance:runner.TestRunner@17f62e33]" started-at="2024-06-25T23:07:32 EET" name="setUpClass" finished-at="2024-06-25T23:07:32 EET" duration-ms="443" status="PASS">
          <reporter-output>
          </reporter-output>
        </test-method> <!-- setUpClass -->
        <test-method signature="scenario(io.cucumber.testng.PickleWrapper,io.cucumber.testng.FeatureWrapper)[pri:0, instance:runner.TestRunner@17f62e33]" started-at="2024-06-25T23:07:32 EET" name="scenario" description="Run Cucumber Features." data-provider="scenarios" finished-at="2024-06-25T23:07:38 EET" duration-ms="5789" status="FAIL">
          <params>
            <param index="0">
              <value>
                <![CDATA["Add Products in Cart"]]>
              </value>
            </param>
            <param index="1">
              <value>
                <![CDATA["Automation Exercise"]]>
              </value>
            </param>
          </params>
          <exception class="java.lang.AssertionError">
            <message>
              <![CDATA[Element not found : anasayfa]]>
            </message>
            <full-stacktrace>
              <![CDATA[java.lang.AssertionError: Element not found : anasayfa
at org.testng.Assert.fail(Assert.java:111)
at framework.CommonLib.findElement(CommonLib.java:59)
at stepdefs.StepDefs.verifyThatHomePageIsVisibleSuccessfully(StepDefs.java:120)
at âœ½.Verify that home page is visible successfully(file:///C:/Users/Bilgisayar/Desktop/ogunBaskokJava-master/src/test/features/addProductsInCart.feature:6)
]]>
            </full-stacktrace>
          </exception> <!-- java.lang.AssertionError -->
          <reporter-output>
          </reporter-output>
        </test-method> <!-- scenario -->
        <test-method is-config="true" signature="tearDownClass()[pri:0, instance:runner.TestRunner@17f62e33]" started-at="2024-06-25T23:07:38 EET" name="tearDownClass" finished-at="2024-06-25T23:07:38 EET" duration-ms="5" status="PASS">
          <reporter-output>
          </reporter-output>
        </test-method> <!-- tearDownClass -->
      </class> <!-- runner.TestRunner -->
    </test> <!-- ogunBaskok -->
  </suite> <!-- Suite -->
</testng-results>
