<?xml version="1.0" encoding="UTF-8"?>
<!-- Generated by org.testng.reporters.JUnitReportReporter -->
<testsuite hostname="ogunbaskok" failures="1" tests="1" name="runner.TestRunner" time="5.789" errors="0" timestamp="2024-06-25T23:07:39 EET" skipped="0">
  <testcase classname="runner.TestRunner" name="scenario" time="5.789">
    <failure message="Element not found : anasayfa" type="java.lang.AssertionError">
      <![CDATA[java.lang.AssertionError: Element not found : anasayfa
at org.testng.Assert.fail(Assert.java:111)
at framework.CommonLib.findElement(CommonLib.java:59)
at stepdefs.StepDefs.verifyThatHomePageIsVisibleSuccessfully(StepDefs.java:120)
at âœ½.Verify that home page is visible successfully(file:///C:/Users/Bilgisayar/Desktop/ogunBaskokJava-master/src/test/features/addProductsInCart.feature:6)
]]>
    </failure>
  </testcase> <!-- scenario -->
</testsuite> <!-- runner.TestRunner -->
