<?xml version="1.0" encoding="UTF-8"?>
<!-- Generated by org.testng.reporters.JUnitXMLReporter -->
<testsuite ignored="0" hostname="ogunbaskok" failures="1" tests="1" name="ogunBaskok" time="6.371" errors="0" timestamp="2024-06-25T23:07:38 EET">
  <testcase classname="runner.TestRunner" name="scenario" time="5.789">
    <failure type="java.lang.AssertionError" message="Element not found : anasayfa">
      <![CDATA[java.lang.AssertionError: Element not found : anasayfa
at framework.CommonLib.findElement(CommonLib.java:59)
at stepdefs.StepDefs.verifyThatHomePageIsVisibleSuccessfully(StepDefs.java:120)
at âœ½.Verify that home page is visible successfully(file:///C:/Users/Bilgisayar/Desktop/ogunBaskokJava-master/src/test/features/addProductsInCart.feature:6)
... Removed 1 stack frames]]>
    </failure>
  </testcase> <!-- scenario -->
</testsuite> <!-- ogunBaskok -->
